!SESSION 2018-08-06 10:16:12.583 -----------------------------------------------
eclipse.buildId=unknown
java.version=1.8.0_121
java.vendor=Oracle Corporation
BootLoader constants: OS=win32, ARCH=x86_64, WS=win32, NL=de_DE

!ENTRY org.eclipse.emf.ecore 2 0 2018-08-06 10:16:12.583
!MESSAGE com.specmate.migration.test.changedtypes.testmodel.base.impl.BaseFactoryImpl cannot be cast to com.specmate.migration.test.severalattributesadded.testmodel.base.BaseFactory
!STACK 0
java.lang.ClassCastException: com.specmate.migration.test.changedtypes.testmodel.base.impl.BaseFactoryImpl cannot be cast to com.specmate.migration.test.severalattributesadded.testmodel.base.BaseFactory
	at com.specmate.migration.test.severalattributesadded.testmodel.base.impl.BaseFactoryImpl.init(BaseFactoryImpl.java:30)
	at com.specmate.migration.test.severalattributesadded.testmodel.base.BaseFactory.<clinit>(BaseFactory.java:22)
	at com.specmate.migration.test.severalattributesadded.testmodel.base.impl.BasePackageImpl.<init>(BasePackageImpl.java:97)
	at com.specmate.migration.test.severalattributesadded.testmodel.base.impl.BasePackageImpl.init(BasePackageImpl.java:123)
	at com.specmate.migration.test.severalattributesadded.testmodel.base.BasePackage.<clinit>(BasePackage.java:57)
	at com.specmate.migration.test.support.TestModelProviderImpl.getSeveralAttributesAddedPackages(TestModelProviderImpl.java:49)
	at com.specmate.migration.test.support.TestModelProviderImpl.getPackages(TestModelProviderImpl.java:22)
	at com.specmate.migration.internal.services.MigratorService.getTargetModelVersion(MigratorService.java:127)
	at com.specmate.migration.internal.services.MigratorService.needsMigration(MigratorService.java:63)
	at com.specmate.migration.test.MigrationTestBase.doMigration(MigrationTestBase.java:110)
	at sun.reflect.NativeMethodAccessorImpl.invoke0(Native Method)
	at sun.reflect.NativeMethodAccessorImpl.invoke(NativeMethodAccessorImpl.java:62)
	at sun.reflect.DelegatingMethodAccessorImpl.invoke(DelegatingMethodAccessorImpl.java:43)
	at java.lang.reflect.Method.invoke(Method.java:498)
	at org.junit.runners.model.FrameworkMethod$1.runReflectiveCall(FrameworkMethod.java:50)
	at org.junit.internal.runners.model.ReflectiveCallable.run(ReflectiveCallable.java:12)
	at org.junit.runners.model.FrameworkMethod.invokeExplosively(FrameworkMethod.java:47)
	at org.junit.internal.runners.statements.InvokeMethod.evaluate(InvokeMethod.java:17)
	at org.junit.runners.ParentRunner.runLeaf(ParentRunner.java:325)
	at org.junit.runners.BlockJUnit4ClassRunner.runChild(BlockJUnit4ClassRunner.java:78)
	at org.junit.runners.BlockJUnit4ClassRunner.runChild(BlockJUnit4ClassRunner.java:57)
	at org.junit.runners.ParentRunner$3.run(ParentRunner.java:290)
	at org.junit.runners.ParentRunner$1.schedule(ParentRunner.java:71)
	at org.junit.runners.ParentRunner.runChildren(ParentRunner.java:288)
	at org.junit.runners.ParentRunner.access$000(ParentRunner.java:58)
	at org.junit.runners.ParentRunner$2.evaluate(ParentRunner.java:268)
	at org.junit.runners.ParentRunner.run(ParentRunner.java:363)
	at junit.framework.JUnit4TestAdapter.run(JUnit4TestAdapter.java:38)
	at junit.framework.TestSuite.runTest(TestSuite.java:252)
	at junit.framework.TestSuite.run(TestSuite.java:247)
	at aQute.junit.Activator.test(Activator.java:351)
	at aQute.junit.Activator.run(Activator.java:187)
	at aQute.launcher.Launcher.lambda$serviceChanged$0(Launcher.java:1345)
	at aQute.launcher.Launcher.run(Launcher.java:347)
	at aQute.launcher.Launcher.main(Launcher.java:147)

!ENTRY org.eclipse.emf.ecore 2 0 2018-08-06 10:16:12.614
!MESSAGE com.specmate.migration.test.changedtypes.testmodel.artefact.impl.ArtefactFactoryImpl cannot be cast to com.specmate.migration.test.severalattributesadded.testmodel.artefact.ArtefactFactory
!STACK 0
java.lang.ClassCastException: com.specmate.migration.test.changedtypes.testmodel.artefact.impl.ArtefactFactoryImpl cannot be cast to com.specmate.migration.test.severalattributesadded.testmodel.artefact.ArtefactFactory
	at com.specmate.migration.test.severalattributesadded.testmodel.artefact.impl.ArtefactFactoryImpl.init(ArtefactFactoryImpl.java:30)
	at com.specmate.migration.test.severalattributesadded.testmodel.artefact.ArtefactFactory.<clinit>(ArtefactFactory.java:22)
	at com.specmate.migration.test.severalattributesadded.testmodel.artefact.impl.ArtefactPackageImpl.<init>(ArtefactPackageImpl.java:57)
	at com.specmate.migration.test.severalattributesadded.testmodel.artefact.impl.ArtefactPackageImpl.init(ArtefactPackageImpl.java:83)
	at com.specmate.migration.test.severalattributesadded.testmodel.artefact.ArtefactPackage.<clinit>(ArtefactPackage.java:58)
	at com.specmate.migration.test.severalattributesadded.testmodel.base.impl.BasePackageImpl.init(BasePackageImpl.java:128)
	at com.specmate.migration.test.severalattributesadded.testmodel.base.BasePackage.<clinit>(BasePackage.java:57)
	at com.specmate.migration.test.support.TestModelProviderImpl.getSeveralAttributesAddedPackages(TestModelProviderImpl.java:49)
	at com.specmate.migration.test.support.TestModelProviderImpl.getPackages(TestModelProviderImpl.java:22)
	at com.specmate.migration.internal.services.MigratorService.getTargetModelVersion(MigratorService.java:127)
	at com.specmate.migration.internal.services.MigratorService.needsMigration(MigratorService.java:63)
	at com.specmate.migration.test.MigrationTestBase.doMigration(MigrationTestBase.java:110)
	at sun.reflect.NativeMethodAccessorImpl.invoke0(Native Method)
	at sun.reflect.NativeMethodAccessorImpl.invoke(NativeMethodAccessorImpl.java:62)
	at sun.reflect.DelegatingMethodAccessorImpl.invoke(DelegatingMethodAccessorImpl.java:43)
	at java.lang.reflect.Method.invoke(Method.java:498)
	at org.junit.runners.model.FrameworkMethod$1.runReflectiveCall(FrameworkMethod.java:50)
	at org.junit.internal.runners.model.ReflectiveCallable.run(ReflectiveCallable.java:12)
	at org.junit.runners.model.FrameworkMethod.invokeExplosively(FrameworkMethod.java:47)
	at org.junit.internal.runners.statements.InvokeMethod.evaluate(InvokeMethod.java:17)
	at org.junit.runners.ParentRunner.runLeaf(ParentRunner.java:325)
	at org.junit.runners.BlockJUnit4ClassRunner.runChild(BlockJUnit4ClassRunner.java:78)
	at org.junit.runners.BlockJUnit4ClassRunner.runChild(BlockJUnit4ClassRunner.java:57)
	at org.junit.runners.ParentRunner$3.run(ParentRunner.java:290)
	at org.junit.runners.ParentRunner$1.schedule(ParentRunner.java:71)
	at org.junit.runners.ParentRunner.runChildren(ParentRunner.java:288)
	at org.junit.runners.ParentRunner.access$000(ParentRunner.java:58)
	at org.junit.runners.ParentRunner$2.evaluate(ParentRunner.java:268)
	at org.junit.runners.ParentRunner.run(ParentRunner.java:363)
	at junit.framework.JUnit4TestAdapter.run(JUnit4TestAdapter.java:38)
	at junit.framework.TestSuite.runTest(TestSuite.java:252)
	at junit.framework.TestSuite.run(TestSuite.java:247)
	at aQute.junit.Activator.test(Activator.java:351)
	at aQute.junit.Activator.run(Activator.java:187)
	at aQute.launcher.Launcher.lambda$serviceChanged$0(Launcher.java:1345)
	at aQute.launcher.Launcher.run(Launcher.java:347)
	at aQute.launcher.Launcher.main(Launcher.java:147)

!ENTRY org.eclipse.emf.ecore 2 0 2018-08-06 10:16:18.963
!MESSAGE com.specmate.migration.test.severalattributesadded.testmodel.base.impl.BaseFactoryImpl cannot be cast to com.specmate.migration.test.attributerenamed.testmodel.base.BaseFactory
!STACK 0
java.lang.ClassCastException: com.specmate.migration.test.severalattributesadded.testmodel.base.impl.BaseFactoryImpl cannot be cast to com.specmate.migration.test.attributerenamed.testmodel.base.BaseFactory
	at com.specmate.migration.test.attributerenamed.testmodel.base.impl.BaseFactoryImpl.init(BaseFactoryImpl.java:30)
	at com.specmate.migration.test.attributerenamed.testmodel.base.BaseFactory.<clinit>(BaseFactory.java:22)
	at com.specmate.migration.test.attributerenamed.testmodel.base.impl.BasePackageImpl.<init>(BasePackageImpl.java:89)
	at com.specmate.migration.test.attributerenamed.testmodel.base.impl.BasePackageImpl.init(BasePackageImpl.java:115)
	at com.specmate.migration.test.attributerenamed.testmodel.base.BasePackage.<clinit>(BasePackage.java:57)
	at com.specmate.migration.test.support.TestModelProviderImpl.getAttributeRenamedPackages(TestModelProviderImpl.java:59)
	at com.specmate.migration.test.support.TestModelProviderImpl.getPackages(TestModelProviderImpl.java:26)
	at com.specmate.migration.internal.services.MigratorService.getTargetModelVersion(MigratorService.java:127)
	at com.specmate.migration.internal.services.MigratorService.needsMigration(MigratorService.java:63)
	at com.specmate.migration.test.MigrationTestBase.doMigration(MigrationTestBase.java:110)
	at sun.reflect.NativeMethodAccessorImpl.invoke0(Native Method)
	at sun.reflect.NativeMethodAccessorImpl.invoke(NativeMethodAccessorImpl.java:62)
	at sun.reflect.DelegatingMethodAccessorImpl.invoke(DelegatingMethodAccessorImpl.java:43)
	at java.lang.reflect.Method.invoke(Method.java:498)
	at org.junit.runners.model.FrameworkMethod$1.runReflectiveCall(FrameworkMethod.java:50)
	at org.junit.internal.runners.model.ReflectiveCallable.run(ReflectiveCallable.java:12)
	at org.junit.runners.model.FrameworkMethod.invokeExplosively(FrameworkMethod.java:47)
	at org.junit.internal.runners.statements.InvokeMethod.evaluate(InvokeMethod.java:17)
	at org.junit.runners.ParentRunner.runLeaf(ParentRunner.java:325)
	at org.junit.runners.BlockJUnit4ClassRunner.runChild(BlockJUnit4ClassRunner.java:78)
	at org.junit.runners.BlockJUnit4ClassRunner.runChild(BlockJUnit4ClassRunner.java:57)
	at org.junit.runners.ParentRunner$3.run(ParentRunner.java:290)
	at org.junit.runners.ParentRunner$1.schedule(ParentRunner.java:71)
	at org.junit.runners.ParentRunner.runChildren(ParentRunner.java:288)
	at org.junit.runners.ParentRunner.access$000(ParentRunner.java:58)
	at org.junit.runners.ParentRunner$2.evaluate(ParentRunner.java:268)
	at org.junit.runners.ParentRunner.run(ParentRunner.java:363)
	at junit.framework.JUnit4TestAdapter.run(JUnit4TestAdapter.java:38)
	at junit.framework.TestSuite.runTest(TestSuite.java:252)
	at junit.framework.TestSuite.run(TestSuite.java:247)
	at aQute.junit.Activator.test(Activator.java:351)
	at aQute.junit.Activator.run(Activator.java:187)
	at aQute.launcher.Launcher.lambda$serviceChanged$0(Launcher.java:1345)
	at aQute.launcher.Launcher.run(Launcher.java:347)
	at aQute.launcher.Launcher.main(Launcher.java:147)

!ENTRY org.eclipse.emf.ecore 2 0 2018-08-06 10:16:18.963
!MESSAGE com.specmate.migration.test.severalattributesadded.testmodel.artefact.impl.ArtefactFactoryImpl cannot be cast to com.specmate.migration.test.attributerenamed.testmodel.artefact.ArtefactFactory
!STACK 0
java.lang.ClassCastException: com.specmate.migration.test.severalattributesadded.testmodel.artefact.impl.ArtefactFactoryImpl cannot be cast to com.specmate.migration.test.attributerenamed.testmodel.artefact.ArtefactFactory
	at com.specmate.migration.test.attributerenamed.testmodel.artefact.impl.ArtefactFactoryImpl.init(ArtefactFactoryImpl.java:30)
	at com.specmate.migration.test.attributerenamed.testmodel.artefact.ArtefactFactory.<clinit>(ArtefactFactory.java:22)
	at com.specmate.migration.test.attributerenamed.testmodel.artefact.impl.ArtefactPackageImpl.<init>(ArtefactPackageImpl.java:57)
	at com.specmate.migration.test.attributerenamed.testmodel.artefact.impl.ArtefactPackageImpl.init(ArtefactPackageImpl.java:83)
	at com.specmate.migration.test.attributerenamed.testmodel.artefact.ArtefactPackage.<clinit>(ArtefactPackage.java:58)
	at com.specmate.migration.test.attributerenamed.testmodel.base.impl.BasePackageImpl.init(BasePackageImpl.java:120)
	at com.specmate.migration.test.attributerenamed.testmodel.base.BasePackage.<clinit>(BasePackage.java:57)
	at com.specmate.migration.test.support.TestModelProviderImpl.getAttributeRenamedPackages(TestModelProviderImpl.java:59)
	at com.specmate.migration.test.support.TestModelProviderImpl.getPackages(TestModelProviderImpl.java:26)
	at com.specmate.migration.internal.services.MigratorService.getTargetModelVersion(MigratorService.java:127)
	at com.specmate.migration.internal.services.MigratorService.needsMigration(MigratorService.java:63)
	at com.specmate.migration.test.MigrationTestBase.doMigration(MigrationTestBase.java:110)
	at sun.reflect.NativeMethodAccessorImpl.invoke0(Native Method)
	at sun.reflect.NativeMethodAccessorImpl.invoke(NativeMethodAccessorImpl.java:62)
	at sun.reflect.DelegatingMethodAccessorImpl.invoke(DelegatingMethodAccessorImpl.java:43)
	at java.lang.reflect.Method.invoke(Method.java:498)
	at org.junit.runners.model.FrameworkMethod$1.runReflectiveCall(FrameworkMethod.java:50)
	at org.junit.internal.runners.model.ReflectiveCallable.run(ReflectiveCallable.java:12)
	at org.junit.runners.model.FrameworkMethod.invokeExplosively(FrameworkMethod.java:47)
	at org.junit.internal.runners.statements.InvokeMethod.evaluate(InvokeMethod.java:17)
	at org.junit.runners.ParentRunner.runLeaf(ParentRunner.java:325)
	at org.junit.runners.BlockJUnit4ClassRunner.runChild(BlockJUnit4ClassRunner.java:78)
	at org.junit.runners.BlockJUnit4ClassRunner.runChild(BlockJUnit4ClassRunner.java:57)
	at org.junit.runners.ParentRunner$3.run(ParentRunner.java:290)
	at org.junit.runners.ParentRunner$1.schedule(ParentRunner.java:71)
	at org.junit.runners.ParentRunner.runChildren(ParentRunner.java:288)
	at org.junit.runners.ParentRunner.access$000(ParentRunner.java:58)
	at org.junit.runners.ParentRunner$2.evaluate(ParentRunner.java:268)
	at org.junit.runners.ParentRunner.run(ParentRunner.java:363)
	at junit.framework.JUnit4TestAdapter.run(JUnit4TestAdapter.java:38)
	at junit.framework.TestSuite.runTest(TestSuite.java:252)
	at junit.framework.TestSuite.run(TestSuite.java:247)
	at aQute.junit.Activator.test(Activator.java:351)
	at aQute.junit.Activator.run(Activator.java:187)
	at aQute.launcher.Launcher.lambda$serviceChanged$0(Launcher.java:1345)
	at aQute.launcher.Launcher.run(Launcher.java:347)
	at aQute.launcher.Launcher.main(Launcher.java:147)

!ENTRY specmate-persistency-cdo 4 0 2018-08-06 10:16:25.378
!MESSAGE Error during commit, transaction rolled back

!ENTRY specmate-persistency-cdo 4 0 2018-08-06 10:16:31.716
!MESSAGE Error during commit, transaction rolled back
